# JRE version: Java(TM) SE Runtime Environment 18.9 (11.0.9+7) (build 11.0.9+7-LTS)
# Java VM: Java HotSpot(TM) 64-Bit Server VM 18.9 (11.0.9+7-LTS, mixed mode, tiered, compressed oops, g1 gc, windows-amd64)
Heap:
 garbage-first heap   total 262144K, used 184824K [0x0000000080000000, 0x0000000100000000)
  region size 1024K, 129 young (132096K), 17 survivors (17408K)
 Metaspace       used 86136K, capacity 88671K, committed 88956K, reserved 593920K
  class space    used 11172K, capacity 12186K, committed 12236K, reserved 516096K
GC Heap History (10 events):
Event: 42.478 GC heap before
{Heap before GC invocations=7 (full 0):
 garbage-first heap   total 262144K, used 94394K [0x0000000080000000, 0x0000000100000000)
  region size 1024K, 77 young (78848K), 4 survivors (4096K)
 Metaspace       used 34923K, capacity 35774K, committed 35888K, reserved 548864K
  class space    used 4511K, capacity 4879K, committed 4992K, reserved 516096K
}
Event: 42.490 GC heap after
{Heap after GC invocations=8 (full 0):
 garbage-first heap   total 262144K, used 23952K [0x0000000080000000, 0x0000000100000000)
  region size 1024K, 7 young (7168K), 7 survivors (7168K)
 Metaspace       used 34923K, capacity 35774K, committed 35888K, reserved 548864K
  class space    used 4511K, capacity 4879K, committed 4992K, reserved 516096K
}
Event: 105.550 GC heap before
{Heap before GC invocations=9 (full 0):
 garbage-first heap   total 262144K, used 172432K [0x0000000080000000, 0x0000000100000000)
  region size 1024K, 149 young (152576K), 7 survivors (7168K)
 Metaspace       used 46519K, capacity 47814K, committed 47920K, reserved 559104K
  class space    used 5958K, capacity 6491K, committed 6528K, reserved 516096K
}
Event: 105.572 GC heap after
{Heap after GC invocations=10 (full 0):
 garbage-first heap   total 262144K, used 33033K [0x0000000080000000, 0x0000000100000000)
  region size 1024K, 16 young (16384K), 16 survivors (16384K)
 Metaspace       used 46519K, capacity 47814K, committed 47920K, reserved 559104K
  class space    used 5958K, capacity 6491K, committed 6528K, reserved 516096K
}
Event: 128.015 GC heap before
{Heap before GC invocations=11 (full 0):
 garbage-first heap   total 262144K, used 179465K [0x0000000080000000, 0x0000000100000000)
  region size 1024K, 153 young (156672K), 16 survivors (16384K)
 Metaspace       used 57688K, capacity 59308K, committed 59440K, reserved 567296K
  class space    used 7552K, capacity 8231K, committed 8320K, reserved 516096K
}
Event: 128.040 GC heap after
{Heap after GC invocations=12 (full 0):
 garbage-first heap   total 262144K, used 44032K [0x0000000080000000, 0x0000000100000000)
  region size 1024K, 14 young (14336K), 14 survivors (14336K)
 Metaspace       used 57688K, capacity 59308K, committed 59440K, reserved 567296K
  class space    used 7552K, capacity 8231K, committed 8320K, reserved 516096K
}
Event: 145.055 GC heap before
{Heap before GC invocations=12 (full 0):
 garbage-first heap   total 262144K, used 186368K [0x0000000080000000, 0x0000000100000000)
  region size 1024K, 153 young (156672K), 14 survivors (14336K)
 Metaspace       used 67395K, capacity 69296K, committed 69552K, reserved 577536K
  class space    used 8836K, capacity 9652K, committed 9728K, reserved 516096K
}
Event: 145.079 GC heap after
{Heap after GC invocations=13 (full 0):
 garbage-first heap   total 262144K, used 50316K [0x0000000080000000, 0x0000000100000000)
  region size 1024K, 13 young (13312K), 13 survivors (13312K)
 Metaspace       used 67395K, capacity 69296K, committed 69552K, reserved 577536K
  class space    used 8836K, capacity 9652K, committed 9728K, reserved 516096K
}
Event: 176.168 GC heap before
{Heap before GC invocations=13 (full 0):
 garbage-first heap   total 262144K, used 191628K [0x0000000080000000, 0x0000000100000000)
  region size 1024K, 151 young (154624K), 13 survivors (13312K)
 Metaspace       used 77441K, capacity 79743K, committed 79868K, reserved 585728K
  class space    used 10064K, capacity 11012K, committed 11084K, reserved 516096K
}
Event: 176.197 GC heap after
{Heap after GC invocations=14 (full 0):
 garbage-first heap   total 262144K, used 62968K [0x0000000080000000, 0x0000000100000000)
  region size 1024K, 17 young (17408K), 17 survivors (17408K)
 Metaspace       used 77441K, capacity 79743K, committed 79868K, reserved 585728K
  class space    used 10064K, capacity 11012K, committed 11084K, reserved 516096K
}

