# JRE version: Java(TM) SE Runtime Environment 18.9 (11.0.9+7) (build 11.0.9+7-LTS)
# Java VM: Java HotSpot(TM) 64-Bit Server VM 18.9 (11.0.9+7-LTS, mixed mode, tiered, compressed oops, g1 gc, windows-amd64)
Heap:
 garbage-first heap   total 262144K, used 130058K [0x0000000080000000, 0x0000000100000000)
  region size 1024K, 100 young (102400K), 17 survivors (17408K)
 Metaspace       used 68477K, capacity 70524K, committed 70708K, reserved 577536K
  class space    used 9009K, capacity 9863K, committed 9932K, reserved 516096K
GC Heap History (10 events):
Event: 41.420 GC heap before
{Heap before GC invocations=4 (full 0):
 garbage-first heap   total 262144K, used 76565K [0x0000000080000000, 0x0000000100000000)
  region size 1024K, 58 young (59392K), 1 survivors (1024K)
 Metaspace       used 26311K, capacity 26951K, committed 27184K, reserved 540672K
  class space    used 3406K, capacity 3655K, committed 3712K, reserved 516096K
}
Event: 41.426 GC heap after
{Heap after GC invocations=5 (full 0):
 garbage-first heap   total 262144K, used 20258K [0x0000000080000000, 0x0000000100000000)
  region size 1024K, 3 young (3072K), 3 survivors (3072K)
 Metaspace       used 26311K, capacity 26951K, committed 27184K, reserved 540672K
  class space    used 3406K, capacity 3655K, committed 3712K, reserved 516096K
}
Event: 58.092 GC heap before
{Heap before GC invocations=5 (full 0):
 garbage-first heap   total 262144K, used 91938K [0x0000000080000000, 0x0000000100000000)
  region size 1024K, 74 young (75776K), 3 survivors (3072K)
 Metaspace       used 34875K, capacity 35718K, committed 35888K, reserved 548864K
  class space    used 4507K, capacity 4879K, committed 4992K, reserved 516096K
}
Event: 58.102 GC heap after
{Heap after GC invocations=6 (full 0):
 garbage-first heap   total 262144K, used 23513K [0x0000000080000000, 0x0000000100000000)
  region size 1024K, 6 young (6144K), 6 survivors (6144K)
 Metaspace       used 34875K, capacity 35718K, committed 35888K, reserved 548864K
  class space    used 4507K, capacity 4879K, committed 4992K, reserved 516096K
}
Event: 112.601 GC heap before
{Heap before GC invocations=7 (full 0):
 garbage-first heap   total 262144K, used 127961K [0x0000000080000000, 0x0000000100000000)
  region size 1024K, 106 young (108544K), 6 survivors (6144K)
 Metaspace       used 43112K, capacity 44326K, committed 44596K, reserved 555008K
  class space    used 5526K, capacity 5986K, committed 6092K, reserved 516096K
}
Event: 112.620 GC heap after
{Heap after GC invocations=8 (full 0):
 garbage-first heap   total 262144K, used 31508K [0x0000000080000000, 0x0000000100000000)
  region size 1024K, 14 young (14336K), 14 survivors (14336K)
 Metaspace       used 43112K, capacity 44326K, committed 44596K, reserved 555008K
  class space    used 5526K, capacity 5986K, committed 6092K, reserved 516096K
}
Event: 153.019 GC heap before
{Heap before GC invocations=9 (full 0):
 garbage-first heap   total 262144K, used 143124K [0x0000000080000000, 0x0000000100000000)
  region size 1024K, 122 young (124928K), 14 survivors (14336K)
 Metaspace       used 51366K, capacity 52786K, committed 53044K, reserved 563200K
  class space    used 6672K, capacity 7289K, committed 7372K, reserved 516096K
}
Event: 153.047 GC heap after
{Heap after GC invocations=10 (full 0):
 garbage-first heap   total 262144K, used 32819K [0x0000000080000000, 0x0000000100000000)
  region size 1024K, 10 young (10240K), 10 survivors (10240K)
 Metaspace       used 51366K, capacity 52786K, committed 53044K, reserved 563200K
  class space    used 6672K, capacity 7289K, committed 7372K, reserved 516096K
}
Event: 185.641 GC heap before
{Heap before GC invocations=10 (full 0):
 garbage-first heap   total 262144K, used 184371K [0x0000000080000000, 0x0000000100000000)
  region size 1024K, 153 young (156672K), 10 survivors (10240K)
 Metaspace       used 63452K, capacity 65241K, committed 65332K, reserved 573440K
  class space    used 8311K, capacity 9075K, committed 9164K, reserved 516096K
}
Event: 185.664 GC heap after
{Heap after GC invocations=11 (full 0):
 garbage-first heap   total 262144K, used 46090K [0x0000000080000000, 0x0000000100000000)
  region size 1024K, 17 young (17408K), 17 survivors (17408K)
 Metaspace       used 63452K, capacity 65241K, committed 65332K, reserved 573440K
  class space    used 8311K, capacity 9075K, committed 9164K, reserved 516096K
}

