# JRE version: Java(TM) SE Runtime Environment 18.9 (11.0.9+7) (build 11.0.9+7-LTS)
# Java VM: Java HotSpot(TM) 64-Bit Server VM 18.9 (11.0.9+7-LTS, mixed mode, tiered, compressed oops, g1 gc, windows-amd64)
Heap:
 garbage-first heap   total 262144K, used 214087K [0x0000000080000000, 0x0000000100000000)
  region size 1024K, 14 young (14336K), 4 survivors (4096K)
 Metaspace       used 136421K, capacity 141283K, committed 141520K, reserved 638976K
  class space    used 17315K, capacity 19142K, committed 19276K, reserved 516096K
GC Heap History (10 events):
Event: 1218.198 GC heap before
{Heap before GC invocations=89 (full 0):
 garbage-first heap   total 262144K, used 231676K [0x0000000080000000, 0x0000000100000000)
  region size 1024K, 32 young (32768K), 1 survivors (1024K)
 Metaspace       used 135152K, capacity 139921K, committed 140240K, reserved 638976K
  class space    used 17170K, capacity 18926K, committed 19020K, reserved 516096K
}
Event: 1218.200 GC heap after
{Heap after GC invocations=90 (full 0):
 garbage-first heap   total 262144K, used 200186K [0x0000000080000000, 0x0000000100000000)
  region size 1024K, 1 young (1024K), 1 survivors (1024K)
 Metaspace       used 135152K, capacity 139921K, committed 140240K, reserved 638976K
  class space    used 17170K, capacity 18926K, committed 19020K, reserved 516096K
}
Event: 1218.395 GC heap before
{Heap before GC invocations=90 (full 0):
 garbage-first heap   total 262144K, used 231930K [0x0000000080000000, 0x0000000100000000)
  region size 1024K, 32 young (32768K), 1 survivors (1024K)
 Metaspace       used 135152K, capacity 139921K, committed 140240K, reserved 638976K
  class space    used 17170K, capacity 18926K, committed 19020K, reserved 516096K
}
Event: 1218.398 GC heap after
{Heap after GC invocations=91 (full 0):
 garbage-first heap   total 262144K, used 200363K [0x0000000080000000, 0x0000000100000000)
  region size 1024K, 2 young (2048K), 2 survivors (2048K)
 Metaspace       used 135152K, capacity 139921K, committed 140240K, reserved 638976K
  class space    used 17170K, capacity 18926K, committed 19020K, reserved 516096K
}
Event: 1219.294 GC heap before
{Heap before GC invocations=91 (full 0):
 garbage-first heap   total 262144K, used 231083K [0x0000000080000000, 0x0000000100000000)
  region size 1024K, 32 young (32768K), 2 survivors (2048K)
 Metaspace       used 135206K, capacity 139925K, committed 140240K, reserved 638976K
  class space    used 17171K, capacity 18927K, committed 19020K, reserved 516096K
}
Event: 1219.297 GC heap after
{Heap after GC invocations=92 (full 0):
 garbage-first heap   total 262144K, used 201191K [0x0000000080000000, 0x0000000100000000)
  region size 1024K, 2 young (2048K), 2 survivors (2048K)
 Metaspace       used 135206K, capacity 139925K, committed 140240K, reserved 638976K
  class space    used 17171K, capacity 18927K, committed 19020K, reserved 516096K
}
Event: 1220.600 GC heap before
{Heap before GC invocations=92 (full 0):
 garbage-first heap   total 262144K, used 231911K [0x0000000080000000, 0x0000000100000000)
  region size 1024K, 32 young (32768K), 2 survivors (2048K)
 Metaspace       used 135250K, capacity 139989K, committed 140240K, reserved 638976K
  class space    used 17171K, capacity 18927K, committed 19020K, reserved 516096K
}
Event: 1220.604 GC heap after
{Heap after GC invocations=93 (full 0):
 garbage-first heap   total 262144K, used 201631K [0x0000000080000000, 0x0000000100000000)
  region size 1024K, 3 young (3072K), 3 survivors (3072K)
 Metaspace       used 135250K, capacity 139989K, committed 140240K, reserved 638976K
  class space    used 17171K, capacity 18927K, committed 19020K, reserved 516096K
}
Event: 1228.126 GC heap before
{Heap before GC invocations=93 (full 0):
 garbage-first heap   total 262144K, used 230303K [0x0000000080000000, 0x0000000100000000)
  region size 1024K, 32 young (32768K), 3 survivors (3072K)
 Metaspace       used 136284K, capacity 141107K, committed 141392K, reserved 638976K
  class space    used 17294K, capacity 19059K, committed 19148K, reserved 516096K
}
Event: 1228.134 GC heap after
{Heap after GC invocations=94 (full 0):
 garbage-first heap   total 262144K, used 204871K [0x0000000080000000, 0x0000000100000000)
  region size 1024K, 4 young (4096K), 4 survivors (4096K)
 Metaspace       used 136284K, capacity 141107K, committed 141392K, reserved 638976K
  class space    used 17294K, capacity 19059K, committed 19148K, reserved 516096K
}

