# JRE version: Java(TM) SE Runtime Environment 18.9 (11.0.9+7) (build 11.0.9+7-LTS)
# Java VM: Java HotSpot(TM) 64-Bit Server VM 18.9 (11.0.9+7-LTS, mixed mode, tiered, compressed oops, g1 gc, windows-amd64)
Heap:
 garbage-first heap   total 262144K, used 191105K [0x0000000080000000, 0x0000000100000000)
  region size 1024K, 150 young (153600K), 12 survivors (12288K)
 Metaspace       used 77571K, capacity 79826K, committed 80104K, reserved 585728K
  class space    used 10082K, capacity 11014K, committed 11136K, reserved 516096K
GC Heap History (10 events):
Event: 40.099 GC heap before
{Heap before GC invocations=6 (full 0):
 garbage-first heap   total 262144K, used 76880K [0x0000000080000000, 0x0000000100000000)
  region size 1024K, 63 young (64512K), 6 survivors (6144K)
 Metaspace       used 26344K, capacity 26950K, committed 27184K, reserved 540672K
  class space    used 3409K, capacity 3655K, committed 3712K, reserved 516096K
}
Event: 40.108 GC heap after
{Heap after GC invocations=7 (full 0):
 garbage-first heap   total 262144K, used 20886K [0x0000000080000000, 0x0000000100000000)
  region size 1024K, 4 young (4096K), 4 survivors (4096K)
 Metaspace       used 26344K, capacity 26950K, committed 27184K, reserved 540672K
  class space    used 3409K, capacity 3655K, committed 3712K, reserved 516096K
}
Event: 54.667 GC heap before
{Heap before GC invocations=7 (full 0):
 garbage-first heap   total 262144K, used 92566K [0x0000000080000000, 0x0000000100000000)
  region size 1024K, 75 young (76800K), 4 survivors (4096K)
 Metaspace       used 34869K, capacity 35719K, committed 35888K, reserved 548864K
  class space    used 4511K, capacity 4879K, committed 4992K, reserved 516096K
}
Event: 54.678 GC heap after
{Heap after GC invocations=8 (full 0):
 garbage-first heap   total 262144K, used 24252K [0x0000000080000000, 0x0000000100000000)
  region size 1024K, 7 young (7168K), 7 survivors (7168K)
 Metaspace       used 34869K, capacity 35719K, committed 35888K, reserved 548864K
  class space    used 4511K, capacity 4879K, committed 4992K, reserved 516096K
}
Event: 110.735 GC heap before
{Heap before GC invocations=9 (full 0):
 garbage-first heap   total 262144K, used 176828K [0x0000000080000000, 0x0000000100000000)
  region size 1024K, 153 young (156672K), 7 survivors (7168K)
 Metaspace       used 46830K, capacity 48080K, committed 48232K, reserved 559104K
  class space    used 6011K, capacity 6533K, committed 6656K, reserved 516096K
}
Event: 110.757 GC heap after
{Heap after GC invocations=10 (full 0):
 garbage-first heap   total 262144K, used 33255K [0x0000000080000000, 0x0000000100000000)
  region size 1024K, 16 young (16384K), 16 survivors (16384K)
 Metaspace       used 46830K, capacity 48080K, committed 48232K, reserved 559104K
  class space    used 6011K, capacity 6533K, committed 6656K, reserved 516096K
}
Event: 133.656 GC heap before
{Heap before GC invocations=11 (full 0):
 garbage-first heap   total 262144K, used 179687K [0x0000000080000000, 0x0000000100000000)
  region size 1024K, 153 young (156672K), 16 survivors (16384K)
 Metaspace       used 58054K, capacity 59777K, committed 60008K, reserved 569344K
  class space    used 7612K, capacity 8322K, committed 8448K, reserved 516096K
}
Event: 133.686 GC heap after
{Heap after GC invocations=12 (full 0):
 garbage-first heap   total 262144K, used 44540K [0x0000000080000000, 0x0000000100000000)
  region size 1024K, 15 young (15360K), 15 survivors (15360K)
 Metaspace       used 58054K, capacity 59777K, committed 60008K, reserved 569344K
  class space    used 7612K, capacity 8322K, committed 8448K, reserved 516096K
}
Event: 167.545 GC heap before
{Heap before GC invocations=12 (full 0):
 garbage-first heap   total 262144K, used 185852K [0x0000000080000000, 0x0000000100000000)
  region size 1024K, 153 young (156672K), 15 survivors (15360K)
 Metaspace       used 67630K, capacity 69587K, committed 69736K, reserved 577536K
  class space    used 8878K, capacity 9704K, committed 9728K, reserved 516096K
}
Event: 167.573 GC heap after
{Heap after GC invocations=13 (full 0):
 garbage-first heap   total 262144K, used 49793K [0x0000000080000000, 0x0000000100000000)
  region size 1024K, 12 young (12288K), 12 survivors (12288K)
 Metaspace       used 67630K, capacity 69587K, committed 69736K, reserved 577536K
  class space    used 8878K, capacity 9704K, committed 9728K, reserved 516096K
}

